
/home/runner/work/exp-understanding-distortion-steganography-au/exp-understanding-distortion-steganography-au/experiment/simulation/js/index-BIvPqiAA.js
    169:28  warning  Do not access Object.prototype method 'hasOwnProperty' from target object  no-prototype-builtins
    382:13  warning  Do not access Object.prototype method 'hasOwnProperty' from target object  no-prototype-builtins
    508:37  warning  Do not access Object.prototype method 'hasOwnProperty' from target object  no-prototype-builtins
    599:37  warning  'setImmediate' is not defined                                              no-undef
    857:5   warning  Unexpected combined character in character class                           no-misleading-character-class
    954:12  warning  Unnecessary escape character: \-                                           no-useless-escape
    990:14  warning  Do not access Object.prototype method 'hasOwnProperty' from target object  no-prototype-builtins
   1124:11  warning  Expected a conditional expression and instead saw an assignment            no-cond-assign
   1189:17  warning  Empty block statement                                                      no-empty
   1273:8   warning  Do not access Object.prototype method 'hasOwnProperty' from target object  no-prototype-builtins
   1366:5   warning  Do not access Object.prototype method 'hasOwnProperty' from target object  no-prototype-builtins
   1368:9   warning  Do not access Object.prototype method 'hasOwnProperty' from target object  no-prototype-builtins
   1374:9   warning  Do not access Object.prototype method 'hasOwnProperty' from target object  no-prototype-builtins
   1374:38  warning  Do not access Object.prototype method 'hasOwnProperty' from target object  no-prototype-builtins
   1404:14  warning  Do not access Object.prototype method 'hasOwnProperty' from target object  no-prototype-builtins
   1473:34  warning  'MSApp' is not defined                                                     no-undef
   1475:11  warning  'MSApp' is not defined                                                     no-undef
   1559:51  warning  Do not access Object.prototype method 'hasOwnProperty' from target object  no-prototype-builtins
   1566:11  warning  Do not access Object.prototype method 'hasOwnProperty' from target object  no-prototype-builtins
   1705:7   warning  Expected to return a value in method 'get'                                 getter-return
   1714:22  warning  'r' is defined but never used                                              no-unused-vars
   1714:25  warning  'o' is defined but never used                                              no-unused-vars
   1714:28  warning  'i' is defined but never used                                              no-unused-vars
   1714:31  warning  's' is defined but never used                                              no-unused-vars
   1714:34  warning  'l' is defined but never used                                              no-unused-vars
   1714:37  warning  'a' is defined but never used                                              no-unused-vars
   1731:13  warning  'e' is defined but never used                                              no-unused-vars
   1731:16  warning  't' is defined but never used                                              no-unused-vars
   1731:19  warning  'n' is defined but never used                                              no-unused-vars
   1731:22  warning  'r' is defined but never used                                              no-unused-vars
   1731:25  warning  'o' is defined but never used                                              no-unused-vars
   1731:28  warning  'i' is defined but never used                                              no-unused-vars
   1731:31  warning  's' is defined but never used                                              no-unused-vars
   1731:34  warning  'l' is defined but never used                                              no-unused-vars
   1731:37  warning  'a' is defined but never used                                              no-unused-vars
   1734:13  warning  'e' is defined but never used                                              no-unused-vars
   1734:16  warning  't' is defined but never used                                              no-unused-vars
   1734:19  warning  'n' is defined but never used                                              no-unused-vars
   1734:22  warning  'r' is defined but never used                                              no-unused-vars
   1734:25  warning  'o' is defined but never used                                              no-unused-vars
   1734:28  warning  'i' is defined but never used                                              no-unused-vars
   1734:31  warning  's' is defined but never used                                              no-unused-vars
   1734:34  warning  'l' is defined but never used                                              no-unused-vars
   1734:37  warning  'a' is defined but never used                                              no-unused-vars
   1855:13  warning  Empty block statement                                                      no-empty
   2387:9   warning  Do not access Object.prototype method 'hasOwnProperty' from target object  no-prototype-builtins
   2406:39  warning  Invalid typeof comparison value                                            valid-typeof
   2414:40  warning  Invalid typeof comparison value                                            valid-typeof
   2549:56  warning  Expected a conditional expression and instead saw an assignment            no-cond-assign
   2967:22  warning  Do not access Object.prototype method 'hasOwnProperty' from target object  no-prototype-builtins
   3151:11  warning  Expected a 'break' statement before 'case'                                 no-fallthrough
   3167:11  warning  Expected a 'break' statement before 'case'                                 no-fallthrough
   3259:18  warning  Expected a conditional expression and instead saw an assignment            no-cond-assign
   3359:9   warning  Expected a 'break' statement before 'case'                                 no-fallthrough
   3447:8   warning  Unexpected control character(s) in regular expression: \x00                no-control-regex
   4400:13  warning  Expected a 'break' statement before 'case'                                 no-fallthrough
   4437:14  warning  Unexpected constant condition                                              no-constant-condition
   4477:12  warning  Expected a conditional expression and instead saw an assignment            no-cond-assign
   4920:15  warning  Empty block statement                                                      no-empty
   4921:17  warning  Empty block statement                                                      no-empty
   5132:13  warning  Expected a conditional expression and instead saw an assignment            no-cond-assign
   5185:15  warning  Expected a conditional expression and instead saw an assignment            no-cond-assign
   5480:12  warning  Expected a conditional expression and instead saw an assignment            no-cond-assign
   5524:10  warning  Expected a conditional expression and instead saw an assignment            no-cond-assign
   5984:14  warning  Do not access Object.prototype method 'hasOwnProperty' from target object  no-prototype-builtins
   5984:37  warning  Do not access Object.prototype method 'hasOwnProperty' from target object  no-prototype-builtins
   5987:26  warning  Do not access Object.prototype method 'hasOwnProperty' from target object  no-prototype-builtins
   5994:17  warning  Do not access Object.prototype method 'hasOwnProperty' from target object  no-prototype-builtins
   6001:11  warning  Do not access Object.prototype method 'hasOwnProperty' from target object  no-prototype-builtins
   6006:18  warning  Do not access Object.prototype method 'hasOwnProperty' from target object  no-prototype-builtins
   6007:25  warning  Do not access Object.prototype method 'hasOwnProperty' from target object  no-prototype-builtins
   6010:17  warning  Do not access Object.prototype method 'hasOwnProperty' from target object  no-prototype-builtins
   6024:19  warning  Do not access Object.prototype method 'hasOwnProperty' from target object  no-prototype-builtins
   6162:19  warning  Do not access Object.prototype method 'hasOwnProperty' from target object  no-prototype-builtins
   6175:22  warning  Do not access Object.prototype method 'hasOwnProperty' from target object  no-prototype-builtins
   6260:21  warning  Do not access Object.prototype method 'hasOwnProperty' from target object  no-prototype-builtins
   6273:25  warning  Do not access Object.prototype method 'hasOwnProperty' from target object  no-prototype-builtins
   6781:13  warning  Empty block statement                                                      no-empty
   6785:5   warning  Expected a 'break' statement before 'case'                                 no-fallthrough
   7093:40  warning  Do not access Object.prototype method 'hasOwnProperty' from target object  no-prototype-builtins
   7172:16  warning  't' is defined but never used                                              no-unused-vars
   7172:19  warning  'n' is defined but never used                                              no-unused-vars
   7175:16  warning  't' is defined but never used                                              no-unused-vars
   7175:19  warning  'n' is defined but never used                                              no-unused-vars
   7486:12  warning  Unexpected constant condition                                              no-constant-condition
   7837:12  warning  Unexpected constant condition                                              no-constant-condition
   7859:10  warning  Unexpected constant condition                                              no-constant-condition
   8085:19  warning  Empty block statement                                                      no-empty
   8907:1   warning  'mh' is a function                                                         no-func-assign
   8908:1   warning  'hh' is a function                                                         no-func-assign
   8943:12  warning  '__REACT_DEVTOOLS_GLOBAL_HOOK__' is not defined                            no-undef
   8947:13  warning  Empty block statement                                                      no-empty
   9039:14  warning  '__REACT_DEVTOOLS_GLOBAL_HOOK__' is not defined                            no-undef
   9043:7   warning  '__REACT_DEVTOOLS_GLOBAL_HOOK__' is not defined                            no-undef
   9158:34  warning  'f' is assigned a value but never used                                     no-unused-vars
   9214:16  warning  't' is defined but never used                                              no-unused-vars
   9429:6   warning  'w' is a function                                                          no-func-assign
   9532:19  warning  Empty block statement                                                      no-empty
   9568:11  warning  Expected a conditional expression and instead saw an assignment            no-cond-assign
   9749:7   warning  Expected a 'break' statement before 'case'                                 no-fallthrough
   9775:7   warning  Expected a 'break' statement before 'case'                                 no-fallthrough
   9782:11  warning  Expected a 'break' statement before 'case'                                 no-fallthrough
   9795:11  warning  Expected a 'break' statement before 'default'                              no-fallthrough
   9827:7   warning  Expected a 'break' statement before 'default'                              no-fallthrough
   9875:5   warning  Expected a 'break' statement before 'case'                                 no-fallthrough
   9926:9   warning  Expected a 'break' statement before 'default'                              no-fallthrough
  10085:11  warning  Expected a 'break' statement before 'case'                                 no-fallthrough
  10105:5   warning  Expected a 'break' statement before 'case'                                 no-fallthrough
  10434:5   warning  Expected a 'break' statement before 'case'                                 no-fallthrough
  10436:5   warning  Expected a 'break' statement before 'case'                                 no-fallthrough
  11327:22  warning  'r' is defined but never used                                              no-unused-vars
  12282:13  warning  'e' is defined but never used                                              no-unused-vars
  12282:16  warning  't' is defined but never used                                              no-unused-vars
  12306:13  warning  'e' is defined but never used                                              no-unused-vars
  12306:16  warning  't' is defined but never used                                              no-unused-vars
  12331:13  warning  'e' is defined but never used                                              no-unused-vars
  12331:16  warning  't' is defined but never used                                              no-unused-vars
  12331:19  warning  'n' is defined but never used                                              no-unused-vars
  12331:22  warning  'r' is defined but never used                                              no-unused-vars
  12331:25  warning  'o' is defined but never used                                              no-unused-vars
  12334:48  warning  'n' is defined but never used                                              no-unused-vars
  12334:58  warning  'r' is assigned a value but never used                                     no-unused-vars
  12443:11  warning  Empty block statement                                                      no-empty
  12703:16  warning  't' is defined but never used                                              no-unused-vars
  12775:19  warning  'n' is defined but never used                                              no-unused-vars
  12789:19  warning  'n' is defined but never used                                              no-unused-vars
  12805:19  warning  'n' is defined but never used                                              no-unused-vars
  12815:19  warning  'n' is defined but never used                                              no-unused-vars
  12884:8   warning  Do not access Object.prototype method 'hasOwnProperty' from target object  no-prototype-builtins
  12946:12  warning  Do not access Object.prototype method 'hasOwnProperty' from target object  no-prototype-builtins
  13264:11  warning  'Zy' is a function                                                         no-func-assign
  13641:13  warning  'e' is defined but never used                                              no-unused-vars
  13646:6   warning  'Cc' is a function                                                         no-func-assign
  14567:18  warning  'u' is assigned a value but never used                                     no-unused-vars
  16010:22  warning  Do not access Object.prototype method 'hasOwnProperty' from target object  no-prototype-builtins
  16519:27  warning  'ye' is defined but never used                                             no-unused-vars
  21102:25  warning  'e' is defined but never used                                              no-unused-vars
  21760:19  warning  't' is defined but never used                                              no-unused-vars
  21856:40  warning  'n' is defined but never used                                              no-unused-vars
  22336:26  warning  'v' is assigned a value but never used                                     no-unused-vars
  22467:25  warning  'r' is assigned a value but never used                                     no-unused-vars
  22468:28  warning  'o' is assigned a value but never used                                     no-unused-vars
  22469:29  warning  'i' is assigned a value but never used                                     no-unused-vars
  22811:14  warning  't' is defined but never used                                              no-unused-vars

/home/runner/work/exp-understanding-distortion-steganography-au/exp-understanding-distortion-steganography-au/experiment/simulation/js/index-Cl3LNy3m.js
    169:28  warning  Do not access Object.prototype method 'hasOwnProperty' from target object  no-prototype-builtins
    382:13  warning  Do not access Object.prototype method 'hasOwnProperty' from target object  no-prototype-builtins
    508:37  warning  Do not access Object.prototype method 'hasOwnProperty' from target object  no-prototype-builtins
    599:37  warning  'setImmediate' is not defined                                              no-undef
    857:5   warning  Unexpected combined character in character class                           no-misleading-character-class
    954:12  warning  Unnecessary escape character: \-                                           no-useless-escape
    990:14  warning  Do not access Object.prototype method 'hasOwnProperty' from target object  no-prototype-builtins
   1124:11  warning  Expected a conditional expression and instead saw an assignment            no-cond-assign
   1189:17  warning  Empty block statement                                                      no-empty
   1273:8   warning  Do not access Object.prototype method 'hasOwnProperty' from target object  no-prototype-builtins
   1366:5   warning  Do not access Object.prototype method 'hasOwnProperty' from target object  no-prototype-builtins
   1368:9   warning  Do not access Object.prototype method 'hasOwnProperty' from target object  no-prototype-builtins
   1374:9   warning  Do not access Object.prototype method 'hasOwnProperty' from target object  no-prototype-builtins
   1374:38  warning  Do not access Object.prototype method 'hasOwnProperty' from target object  no-prototype-builtins
   1404:14  warning  Do not access Object.prototype method 'hasOwnProperty' from target object  no-prototype-builtins
   1473:34  warning  'MSApp' is not defined                                                     no-undef
   1475:11  warning  'MSApp' is not defined                                                     no-undef
   1559:51  warning  Do not access Object.prototype method 'hasOwnProperty' from target object  no-prototype-builtins
   1566:11  warning  Do not access Object.prototype method 'hasOwnProperty' from target object  no-prototype-builtins
   1705:7   warning  Expected to return a value in method 'get'                                 getter-return
   1714:22  warning  'r' is defined but never used                                              no-unused-vars
   1714:25  warning  'o' is defined but never used                                              no-unused-vars
   1714:28  warning  'i' is defined but never used                                              no-unused-vars
   1714:31  warning  's' is defined but never used                                              no-unused-vars
   1714:34  warning  'l' is defined but never used                                              no-unused-vars
   1714:37  warning  'a' is defined but never used                                              no-unused-vars
   1731:13  warning  'e' is defined but never used                                              no-unused-vars
   1731:16  warning  't' is defined but never used                                              no-unused-vars
   1731:19  warning  'n' is defined but never used                                              no-unused-vars
   1731:22  warning  'r' is defined but never used                                              no-unused-vars
   1731:25  warning  'o' is defined but never used                                              no-unused-vars
   1731:28  warning  'i' is defined but never used                                              no-unused-vars
   1731:31  warning  's' is defined but never used                                              no-unused-vars
   1731:34  warning  'l' is defined but never used                                              no-unused-vars
   1731:37  warning  'a' is defined but never used                                              no-unused-vars
   1734:13  warning  'e' is defined but never used                                              no-unused-vars
   1734:16  warning  't' is defined but never used                                              no-unused-vars
   1734:19  warning  'n' is defined but never used                                              no-unused-vars
   1734:22  warning  'r' is defined but never used                                              no-unused-vars
   1734:25  warning  'o' is defined but never used                                              no-unused-vars
   1734:28  warning  'i' is defined but never used                                              no-unused-vars
   1734:31  warning  's' is defined but never used                                              no-unused-vars
   1734:34  warning  'l' is defined but never used                                              no-unused-vars
   1734:37  warning  'a' is defined but never used                                              no-unused-vars
   1855:13  warning  Empty block statement                                                      no-empty
   2387:9   warning  Do not access Object.prototype method 'hasOwnProperty' from target object  no-prototype-builtins
   2406:39  warning  Invalid typeof comparison value                                            valid-typeof
   2414:40  warning  Invalid typeof comparison value                                            valid-typeof
   2549:56  warning  Expected a conditional expression and instead saw an assignment            no-cond-assign
   2967:22  warning  Do not access Object.prototype method 'hasOwnProperty' from target object  no-prototype-builtins
   3151:11  warning  Expected a 'break' statement before 'case'                                 no-fallthrough
   3167:11  warning  Expected a 'break' statement before 'case'                                 no-fallthrough
   3259:18  warning  Expected a conditional expression and instead saw an assignment            no-cond-assign
   3359:9   warning  Expected a 'break' statement before 'case'                                 no-fallthrough
   3447:8   warning  Unexpected control character(s) in regular expression: \x00                no-control-regex
   4400:13  warning  Expected a 'break' statement before 'case'                                 no-fallthrough
   4437:14  warning  Unexpected constant condition                                              no-constant-condition
   4477:12  warning  Expected a conditional expression and instead saw an assignment            no-cond-assign
   4920:15  warning  Empty block statement                                                      no-empty
   4921:17  warning  Empty block statement                                                      no-empty
   5132:13  warning  Expected a conditional expression and instead saw an assignment            no-cond-assign
   5185:15  warning  Expected a conditional expression and instead saw an assignment            no-cond-assign
   5480:12  warning  Expected a conditional expression and instead saw an assignment            no-cond-assign
   5524:10  warning  Expected a conditional expression and instead saw an assignment            no-cond-assign
   5984:14  warning  Do not access Object.prototype method 'hasOwnProperty' from target object  no-prototype-builtins
   5984:37  warning  Do not access Object.prototype method 'hasOwnProperty' from target object  no-prototype-builtins
   5987:26  warning  Do not access Object.prototype method 'hasOwnProperty' from target object  no-prototype-builtins
   5994:17  warning  Do not access Object.prototype method 'hasOwnProperty' from target object  no-prototype-builtins
   6001:11  warning  Do not access Object.prototype method 'hasOwnProperty' from target object  no-prototype-builtins
   6006:18  warning  Do not access Object.prototype method 'hasOwnProperty' from target object  no-prototype-builtins
   6007:25  warning  Do not access Object.prototype method 'hasOwnProperty' from target object  no-prototype-builtins
   6010:17  warning  Do not access Object.prototype method 'hasOwnProperty' from target object  no-prototype-builtins
   6024:19  warning  Do not access Object.prototype method 'hasOwnProperty' from target object  no-prototype-builtins
   6162:19  warning  Do not access Object.prototype method 'hasOwnProperty' from target object  no-prototype-builtins
   6175:22  warning  Do not access Object.prototype method 'hasOwnProperty' from target object  no-prototype-builtins
   6260:21  warning  Do not access Object.prototype method 'hasOwnProperty' from target object  no-prototype-builtins
   6273:25  warning  Do not access Object.prototype method 'hasOwnProperty' from target object  no-prototype-builtins
   6781:13  warning  Empty block statement                                                      no-empty
   6785:5   warning  Expected a 'break' statement before 'case'                                 no-fallthrough
   7093:40  warning  Do not access Object.prototype method 'hasOwnProperty' from target object  no-prototype-builtins
   7172:16  warning  't' is defined but never used                                              no-unused-vars
   7172:19  warning  'n' is defined but never used                                              no-unused-vars
   7175:16  warning  't' is defined but never used                                              no-unused-vars
   7175:19  warning  'n' is defined but never used                                              no-unused-vars
   7486:12  warning  Unexpected constant condition                                              no-constant-condition
   7837:12  warning  Unexpected constant condition                                              no-constant-condition
   7859:10  warning  Unexpected constant condition                                              no-constant-condition
   8085:19  warning  Empty block statement                                                      no-empty
   8907:1   warning  'mh' is a function                                                         no-func-assign
   8908:1   warning  'hh' is a function                                                         no-func-assign
   8943:12  warning  '__REACT_DEVTOOLS_GLOBAL_HOOK__' is not defined                            no-undef
   8947:13  warning  Empty block statement                                                      no-empty
   9039:14  warning  '__REACT_DEVTOOLS_GLOBAL_HOOK__' is not defined                            no-undef
   9043:7   warning  '__REACT_DEVTOOLS_GLOBAL_HOOK__' is not defined                            no-undef
   9158:34  warning  'f' is assigned a value but never used                                     no-unused-vars
   9214:16  warning  't' is defined but never used                                              no-unused-vars
   9429:6   warning  'w' is a function                                                          no-func-assign
   9532:19  warning  Empty block statement                                                      no-empty
   9568:11  warning  Expected a conditional expression and instead saw an assignment            no-cond-assign
   9749:7   warning  Expected a 'break' statement before 'case'                                 no-fallthrough
   9775:7   warning  Expected a 'break' statement before 'case'                                 no-fallthrough
   9782:11  warning  Expected a 'break' statement before 'case'                                 no-fallthrough
   9795:11  warning  Expected a 'break' statement before 'default'                              no-fallthrough
   9827:7   warning  Expected a 'break' statement before 'default'                              no-fallthrough
   9875:5   warning  Expected a 'break' statement before 'case'                                 no-fallthrough
   9926:9   warning  Expected a 'break' statement before 'default'                              no-fallthrough
  10085:11  warning  Expected a 'break' statement before 'case'                                 no-fallthrough
  10105:5   warning  Expected a 'break' statement before 'case'                                 no-fallthrough
  10434:5   warning  Expected a 'break' statement before 'case'                                 no-fallthrough
  10436:5   warning  Expected a 'break' statement before 'case'                                 no-fallthrough
  11327:22  warning  'r' is defined but never used                                              no-unused-vars
  12282:13  warning  'e' is defined but never used                                              no-unused-vars
  12282:16  warning  't' is defined but never used                                              no-unused-vars
  12306:13  warning  'e' is defined but never used                                              no-unused-vars
  12306:16  warning  't' is defined but never used                                              no-unused-vars
  12331:13  warning  'e' is defined but never used                                              no-unused-vars
  12331:16  warning  't' is defined but never used                                              no-unused-vars
  12331:19  warning  'n' is defined but never used                                              no-unused-vars
  12331:22  warning  'r' is defined but never used                                              no-unused-vars
  12331:25  warning  'o' is defined but never used                                              no-unused-vars
  12334:48  warning  'n' is defined but never used                                              no-unused-vars
  12334:58  warning  'r' is assigned a value but never used                                     no-unused-vars
  12443:11  warning  Empty block statement                                                      no-empty
  12703:16  warning  't' is defined but never used                                              no-unused-vars
  12775:19  warning  'n' is defined but never used                                              no-unused-vars
  12789:19  warning  'n' is defined but never used                                              no-unused-vars
  12805:19  warning  'n' is defined but never used                                              no-unused-vars
  12815:19  warning  'n' is defined but never used                                              no-unused-vars
  12884:8   warning  Do not access Object.prototype method 'hasOwnProperty' from target object  no-prototype-builtins
  12946:12  warning  Do not access Object.prototype method 'hasOwnProperty' from target object  no-prototype-builtins
  13264:11  warning  'Zy' is a function                                                         no-func-assign
  13641:13  warning  'e' is defined but never used                                              no-unused-vars
  13646:6   warning  'Cc' is a function                                                         no-func-assign
  14566:18  warning  'u' is assigned a value but never used                                     no-unused-vars
  16009:22  warning  Do not access Object.prototype method 'hasOwnProperty' from target object  no-prototype-builtins
  16518:26  warning  'ye' is defined but never used                                             no-unused-vars
  21103:25  warning  'e' is defined but never used                                              no-unused-vars
  21778:19  warning  't' is defined but never used                                              no-unused-vars
  21874:40  warning  'n' is defined but never used                                              no-unused-vars
  22354:26  warning  'v' is assigned a value but never used                                     no-unused-vars
  22485:25  warning  'r' is assigned a value but never used                                     no-unused-vars
  22486:28  warning  'o' is assigned a value but never used                                     no-unused-vars
  22487:29  warning  'i' is assigned a value but never used                                     no-unused-vars
  22829:14  warning  't' is defined but never used                                              no-unused-vars

✖ 288 problems (0 errors, 288 warnings)

